2025-04-11 01:31:16,252 - DEBUG - Logging initialized
2025-04-11 01:31:16,278 - DEBUG - Audio player callbacks registered successfully
2025-04-11 01:31:16,292 - DEBUG - Dashboard mounted successfully
2025-04-11 01:31:18,161 - DEBUG - Logging initialized
2025-04-11 01:31:18,186 - DEBUG - Audio player callbacks registered successfully
2025-04-11 01:31:18,199 - DEBUG - Dashboard mounted successfully
2025-04-11 01:31:18,235 - DEBUG - Using selector: SelectSelector
2025-04-11 01:31:18,265 - DEBUG - Dashboard mounted successfully
2025-04-11 01:31:18,267 - DEBUG - Starting UDP receiver thread...
2025-04-11 01:31:18,268 - DEBUG - Binding to UDP port 6002 to receive JSON data
2025-04-11 01:31:18,268 - DEBUG - Logging initialized
2025-04-11 01:31:18,769 - DEBUG - Starting UDP audio receiver thread...
2025-04-11 01:31:18,770 - DEBUG - Binding to UDP port 6001 to receive Audio data
2025-04-11 01:32:16,708 - DEBUG - Logging initialized
2025-04-11 01:32:16,732 - DEBUG - Audio player callbacks registered successfully
2025-04-11 01:32:16,744 - DEBUG - Dashboard mounted successfully
2025-04-11 01:32:16,780 - DEBUG - Using selector: SelectSelector
2025-04-11 01:32:16,811 - DEBUG - Dashboard mounted successfully
2025-04-11 01:32:16,813 - DEBUG - Starting UDP receiver thread...
2025-04-11 01:32:16,814 - DEBUG - Binding to UDP port 6002 to receive JSON data
2025-04-11 01:32:16,814 - DEBUG - Logging initialized
2025-04-11 01:32:17,315 - DEBUG - Starting UDP audio receiver thread...
2025-04-11 01:32:17,316 - DEBUG - Binding to UDP port 6001 to receive Audio data
2025-04-11 01:33:47,226 - DEBUG - Logging initialized
2025-04-11 01:33:47,250 - DEBUG - Audio player callbacks registered successfully
2025-04-11 01:33:47,262 - DEBUG - Dashboard mounted successfully
2025-04-11 01:33:47,299 - DEBUG - Using selector: SelectSelector
2025-04-11 01:33:47,330 - DEBUG - Dashboard mounted successfully
2025-04-11 01:33:47,331 - DEBUG - Starting UDP receiver thread...
2025-04-11 01:33:47,333 - DEBUG - Binding to UDP port 6002 to receive JSON data
2025-04-11 01:33:47,333 - DEBUG - Logging initialized
2025-04-11 01:33:47,833 - DEBUG - Starting UDP audio receiver thread...
2025-04-11 01:33:47,834 - DEBUG - Binding to UDP port 6001 to receive Audio data
2025-04-11 01:37:34,748 - DEBUG - Logging initialized
2025-04-11 01:37:34,773 - DEBUG - Audio player callbacks registered successfully
2025-04-11 01:37:34,787 - DEBUG - Dashboard mounted successfully
2025-04-11 01:37:34,825 - DEBUG - Using selector: SelectSelector
2025-04-11 01:37:34,861 - DEBUG - Dashboard mounted successfully
2025-04-11 01:37:34,862 - DEBUG - Starting UDP receiver thread...
2025-04-11 01:37:34,863 - DEBUG - Binding to UDP port 6002 to receive JSON data
2025-04-11 01:37:34,864 - DEBUG - Logging initialized
2025-04-11 01:37:35,364 - DEBUG - Starting UDP audio receiver thread...
2025-04-11 01:37:35,365 - DEBUG - Binding to UDP port 6001 to receive Audio data
2025-04-11 01:37:38,299 - DEBUG - Logging initialized
2025-04-11 01:37:38,323 - DEBUG - Audio player callbacks registered successfully
2025-04-11 01:37:38,334 - DEBUG - Dashboard mounted successfully
2025-04-11 01:37:38,369 - DEBUG - Using selector: SelectSelector
2025-04-11 01:37:38,403 - DEBUG - Dashboard mounted successfully
2025-04-11 01:37:38,405 - DEBUG - Starting UDP receiver thread...
2025-04-11 01:37:38,406 - DEBUG - Binding to UDP port 6002 to receive JSON data
2025-04-11 01:37:38,406 - DEBUG - Logging initialized
2025-04-11 01:37:38,907 - DEBUG - Starting UDP audio receiver thread...
2025-04-11 01:37:38,908 - DEBUG - Binding to UDP port 6001 to receive Audio data
2025-04-11 01:37:49,028 - DEBUG - Logging initialized
2025-04-11 01:37:49,054 - DEBUG - Audio player callbacks registered successfully
2025-04-11 01:37:49,066 - DEBUG - Dashboard mounted successfully
2025-04-11 01:37:49,102 - DEBUG - Using selector: SelectSelector
2025-04-11 01:37:49,133 - DEBUG - Dashboard mounted successfully
2025-04-11 01:37:49,135 - DEBUG - Starting UDP receiver thread...
2025-04-11 01:37:49,136 - DEBUG - Binding to UDP port 6002 to receive JSON data
2025-04-11 01:37:49,136 - DEBUG - Logging initialized
2025-04-11 01:37:49,637 - DEBUG - Starting UDP audio receiver thread...
2025-04-11 01:37:49,638 - DEBUG - Binding to UDP port 6001 to receive Audio data
2025-04-11 01:38:03,056 - DEBUG - Logging initialized
2025-04-11 01:38:03,079 - DEBUG - Audio player callbacks registered successfully
2025-04-11 01:38:03,091 - DEBUG - Dashboard mounted successfully
2025-04-11 01:38:03,126 - DEBUG - Using selector: SelectSelector
2025-04-11 01:38:03,156 - DEBUG - Dashboard mounted successfully
2025-04-11 01:38:03,157 - DEBUG - Starting UDP receiver thread...
2025-04-11 01:38:03,158 - DEBUG - Binding to UDP port 6002 to receive JSON data
2025-04-11 01:38:03,158 - DEBUG - Logging initialized
2025-04-11 01:38:03,659 - DEBUG - Starting UDP audio receiver thread...
2025-04-11 01:38:03,660 - DEBUG - Binding to UDP port 6001 to receive Audio data
2025-04-11 01:38:34,011 - DEBUG - Logging initialized
2025-04-11 01:38:34,036 - DEBUG - Audio player callbacks registered successfully
2025-04-11 01:38:34,048 - DEBUG - Dashboard mounted successfully
2025-04-11 01:38:34,084 - DEBUG - Using selector: SelectSelector
2025-04-11 01:38:34,116 - DEBUG - Dashboard mounted successfully
2025-04-11 01:38:34,118 - DEBUG - Starting UDP receiver thread...
2025-04-11 01:38:34,119 - DEBUG - Binding to UDP port 6002 to receive JSON data
2025-04-11 01:38:34,119 - DEBUG - Logging initialized
2025-04-11 01:38:34,620 - DEBUG - Starting UDP audio receiver thread...
2025-04-11 01:38:34,621 - DEBUG - Binding to UDP port 6001 to receive Audio data
2025-04-11 01:39:20,997 - DEBUG - Logging initialized
2025-04-11 01:39:21,022 - DEBUG - Audio player callbacks registered successfully
2025-04-11 01:39:21,034 - DEBUG - Dashboard mounted successfully
2025-04-11 01:39:21,069 - DEBUG - Using selector: SelectSelector
2025-04-11 01:39:21,100 - DEBUG - Dashboard mounted successfully
2025-04-11 01:39:21,101 - DEBUG - Starting UDP receiver thread...
2025-04-11 01:39:21,102 - DEBUG - Binding to UDP port 6002 to receive JSON data
2025-04-11 01:39:21,103 - DEBUG - Logging initialized
2025-04-11 01:39:21,603 - DEBUG - Starting UDP audio receiver thread...
2025-04-11 01:39:21,604 - DEBUG - Binding to UDP port 6001 to receive Audio data
